This is pdfTeX, Version 3.14159265-2.6-1.40.18 (TeX Live 2017/Arch Linux) (preloaded format=pdflatex 2018.3.12)  2 APR 2018 14:05
entering extended mode
 restricted \write18 enabled.
 %&-line parsing enabled.
**Game_Writeup.tex
(./Game_Writeup.tex
LaTeX2e <2017-04-15>
Babel <3.18> and hyphenation patterns for 84 language(s) loaded.
(/usr/share/texmf-dist/tex/latex/base/article.cls
Document Class: article 2014/09/29 v1.4h Standard LaTeX document class
(/usr/share/texmf-dist/tex/latex/base/size10.clo
File: size10.clo 2014/09/29 v1.4h Standard LaTeX file (size option)
)
\c@part=\count79
\c@section=\count80
\c@subsection=\count81
\c@subsubsection=\count82
\c@paragraph=\count83
\c@subparagraph=\count84
\c@figure=\count85
\c@table=\count86
\abovecaptionskip=\skip41
\belowcaptionskip=\skip42
\bibindent=\dimen102
)
(/usr/share/texmf-dist/tex/latex/amsmath/amsmath.sty
Package: amsmath 2017/09/02 v2.17a AMS math features
\@mathmargin=\skip43

For additional information on amsmath, use the `?' option.
(/usr/share/texmf-dist/tex/latex/amsmath/amstext.sty
Package: amstext 2000/06/29 v2.01 AMS text

(/usr/share/texmf-dist/tex/latex/amsmath/amsgen.sty
File: amsgen.sty 1999/11/30 v2.0 generic functions
\@emptytoks=\toks14
\ex@=\dimen103
))
(/usr/share/texmf-dist/tex/latex/amsmath/amsbsy.sty
Package: amsbsy 1999/11/29 v1.2d Bold Symbols
\pmbraise@=\dimen104
)
(/usr/share/texmf-dist/tex/latex/amsmath/amsopn.sty
Package: amsopn 2016/03/08 v2.02 operator names
)
\inf@bad=\count87
LaTeX Info: Redefining \frac on input line 213.
\uproot@=\count88
\leftroot@=\count89
LaTeX Info: Redefining \overline on input line 375.
\classnum@=\count90
\DOTSCASE@=\count91
LaTeX Info: Redefining \ldots on input line 472.
LaTeX Info: Redefining \dots on input line 475.
LaTeX Info: Redefining \cdots on input line 596.
\Mathstrutbox@=\box26
\strutbox@=\box27
\big@size=\dimen105
LaTeX Font Info:    Redeclaring font encoding OML on input line 712.
LaTeX Font Info:    Redeclaring font encoding OMS on input line 713.
\macc@depth=\count92
\c@MaxMatrixCols=\count93
\dotsspace@=\muskip10
\c@parentequation=\count94
\dspbrk@lvl=\count95
\tag@help=\toks15
\row@=\count96
\column@=\count97
\maxfields@=\count98
\andhelp@=\toks16
\eqnshift@=\dimen106
\alignsep@=\dimen107
\tagshift@=\dimen108
\tagwidth@=\dimen109
\totwidth@=\dimen110
\lineht@=\dimen111
\@envbody=\toks17
\multlinegap=\skip44
\multlinetaggap=\skip45
\mathdisplay@stack=\toks18
LaTeX Info: Redefining \[ on input line 2817.
LaTeX Info: Redefining \] on input line 2818.
)
(/usr/share/texmf-dist/tex/latex/amsfonts/amsfonts.sty
Package: amsfonts 2013/01/14 v3.01 Basic AMSFonts support
\symAMSa=\mathgroup4
\symAMSb=\mathgroup5
LaTeX Font Info:    Overwriting math alphabet `\mathfrak' in version `bold'
(Font)                  U/euf/m/n --> U/euf/b/n on input line 106.
)
(/usr/share/texmf-dist/tex/latex/amsfonts/amssymb.sty
Package: amssymb 2013/01/14 v3.01 AMS font symbols
)
(/usr/share/texmf-dist/tex/latex/fancyhdr/fancyhdr.sty
Package: fancyhdr 2017/06/30 v3.9a Extensive control of page headers and footer
s
\f@nch@headwidth=\skip46
\f@nch@O@elh=\skip47
\f@nch@O@erh=\skip48
\f@nch@O@olh=\skip49
\f@nch@O@orh=\skip50
\f@nch@O@elf=\skip51
\f@nch@O@erf=\skip52
\f@nch@O@olf=\skip53
\f@nch@O@orf=\skip54
)
(/usr/share/texmf-dist/tex/latex/geometry/geometry.sty
Package: geometry 2010/09/12 v5.6 Page Geometry

(/usr/share/texmf-dist/tex/latex/graphics/keyval.sty
Package: keyval 2014/10/28 v1.15 key=value parser (DPC)
\KV@toks@=\toks19
)
(/usr/share/texmf-dist/tex/generic/oberdiek/ifpdf.sty
Package: ifpdf 2017/03/15 v3.2 Provides the ifpdf switch
)
(/usr/share/texmf-dist/tex/generic/oberdiek/ifvtex.sty
Package: ifvtex 2016/05/16 v1.6 Detect VTeX and its facilities (HO)
Package ifvtex Info: VTeX not detected.
)
(/usr/share/texmf-dist/tex/generic/ifxetex/ifxetex.sty
Package: ifxetex 2010/09/12 v0.6 Provides ifxetex conditional
)
\Gm@cnth=\count99
\Gm@cntv=\count100
\c@Gm@tempcnt=\count101
\Gm@bindingoffset=\dimen112
\Gm@wd@mp=\dimen113
\Gm@odd@mp=\dimen114
\Gm@even@mp=\dimen115
\Gm@layoutwidth=\dimen116
\Gm@layoutheight=\dimen117
\Gm@layouthoffset=\dimen118
\Gm@layoutvoffset=\dimen119
\Gm@dimlist=\toks20
)
(/usr/share/texmf-dist/tex/latex/graphics/graphicx.sty
Package: graphicx 2017/06/01 v1.1a Enhanced LaTeX Graphics (DPC,SPQR)

(/usr/share/texmf-dist/tex/latex/graphics/graphics.sty
Package: graphics 2017/06/25 v1.2c Standard LaTeX Graphics (DPC,SPQR)

(/usr/share/texmf-dist/tex/latex/graphics/trig.sty
Package: trig 2016/01/03 v1.10 sin cos tan (DPC)
)
(/usr/share/texmf-dist/tex/latex/graphics-cfg/graphics.cfg
File: graphics.cfg 2016/06/04 v1.11 sample graphics configuration
)
Package graphics Info: Driver file: pdftex.def on input line 99.

(/usr/share/texmf-dist/tex/latex/graphics-def/pdftex.def
File: pdftex.def 2018/01/08 v1.0l Graphics/color driver for pdftex
))
\Gin@req@height=\dimen120
\Gin@req@width=\dimen121
)
(/usr/share/texmf-dist/tex/latex/float/float.sty
Package: float 2001/11/08 v1.3d Float enhancements (AL)
\c@float@type=\count102
\float@exts=\toks21
\float@box=\box28
\@float@everytoks=\toks22
\@floatcapt=\box29
)
(/usr/share/texmf-dist/tex/latex/hyperref/hyperref.sty
Package: hyperref 2018/02/06 v6.86b Hypertext links for LaTeX

(/usr/share/texmf-dist/tex/generic/oberdiek/hobsub-hyperref.sty
Package: hobsub-hyperref 2016/05/16 v1.14 Bundle oberdiek, subset hyperref (HO)


(/usr/share/texmf-dist/tex/generic/oberdiek/hobsub-generic.sty
Package: hobsub-generic 2016/05/16 v1.14 Bundle oberdiek, subset generic (HO)
Package: hobsub 2016/05/16 v1.14 Construct package bundles (HO)
Package: infwarerr 2016/05/16 v1.4 Providing info/warning/error messages (HO)
Package: ltxcmds 2016/05/16 v1.23 LaTeX kernel commands for general use (HO)
Package: ifluatex 2016/05/16 v1.4 Provides the ifluatex switch (HO)
Package ifluatex Info: LuaTeX not detected.
Package hobsub Info: Skipping package `ifvtex' (already loaded).
Package: intcalc 2016/05/16 v1.2 Expandable calculations with integers (HO)
Package hobsub Info: Skipping package `ifpdf' (already loaded).
Package: etexcmds 2016/05/16 v1.6 Avoid name clashes with e-TeX commands (HO)
Package etexcmds Info: Could not find \expanded.
(etexcmds)             That can mean that you are not using pdfTeX 1.50 or
(etexcmds)             that some package has redefined \expanded.
(etexcmds)             In the latter case, load this package earlier.
Package: kvsetkeys 2016/05/16 v1.17 Key value parser (HO)
Package: kvdefinekeys 2016/05/16 v1.4 Define keys (HO)
Package: pdftexcmds 2018/01/21 v0.26 Utility functions of pdfTeX for LuaTeX (HO
)
Package pdftexcmds Info: LuaTeX not detected.
Package pdftexcmds Info: \pdf@primitive is available.
Package pdftexcmds Info: \pdf@ifprimitive is available.
Package pdftexcmds Info: \pdfdraftmode found.
Package: pdfescape 2016/05/16 v1.14 Implements pdfTeX's escape features (HO)
Package: bigintcalc 2016/05/16 v1.4 Expandable calculations on big integers (HO
)
Package: bitset 2016/05/16 v1.2 Handle bit-vector datatype (HO)
Package: uniquecounter 2016/05/16 v1.3 Provide unlimited unique counter (HO)
)
Package hobsub Info: Skipping package `hobsub' (already loaded).
Package: letltxmacro 2016/05/16 v1.5 Let assignment for LaTeX macros (HO)
Package: hopatch 2016/05/16 v1.3 Wrapper for package hooks (HO)
Package: xcolor-patch 2016/05/16 xcolor patch
Package: atveryend 2016/05/16 v1.9 Hooks at the very end of document (HO)
Package atveryend Info: \enddocument detected (standard20110627).
Package: atbegshi 2016/06/09 v1.18 At begin shipout hook (HO)
Package: refcount 2016/05/16 v3.5 Data extraction from label references (HO)
Package: hycolor 2016/05/16 v1.8 Color options for hyperref/bookmark (HO)
)
(/usr/share/texmf-dist/tex/latex/oberdiek/auxhook.sty
Package: auxhook 2016/05/16 v1.4 Hooks for auxiliary files (HO)
)
(/usr/share/texmf-dist/tex/latex/oberdiek/kvoptions.sty
Package: kvoptions 2016/05/16 v3.12 Key value format for package options (HO)
)
\@linkdim=\dimen122
\Hy@linkcounter=\count103
\Hy@pagecounter=\count104

(/usr/share/texmf-dist/tex/latex/hyperref/pd1enc.def
File: pd1enc.def 2018/02/06 v6.86b Hyperref: PDFDocEncoding definition (HO)
)
\Hy@SavedSpaceFactor=\count105

(/usr/share/texmf-dist/tex/latex/latexconfig/hyperref.cfg
File: hyperref.cfg 2002/06/06 v1.2 hyperref configuration of TeXLive
)
Package hyperref Info: Hyper figures OFF on input line 4509.
Package hyperref Info: Link nesting OFF on input line 4514.
Package hyperref Info: Hyper index ON on input line 4517.
Package hyperref Info: Plain pages OFF on input line 4524.
Package hyperref Info: Backreferencing OFF on input line 4529.
Package hyperref Info: Implicit mode ON; LaTeX internals redefined.
Package hyperref Info: Bookmarks ON on input line 4762.
\c@Hy@tempcnt=\count106

(/usr/share/texmf-dist/tex/latex/url/url.sty
\Urlmuskip=\muskip11
Package: url 2013/09/16  ver 3.4  Verb mode for urls, etc.
)
LaTeX Info: Redefining \url on input line 5115.
\XeTeXLinkMargin=\dimen123
\Fld@menulength=\count107
\Field@Width=\dimen124
\Fld@charsize=\dimen125
Package hyperref Info: Hyper figures OFF on input line 6369.
Package hyperref Info: Link nesting OFF on input line 6374.
Package hyperref Info: Hyper index ON on input line 6377.
Package hyperref Info: backreferencing OFF on input line 6384.
Package hyperref Info: Link coloring OFF on input line 6389.
Package hyperref Info: Link coloring with OCG OFF on input line 6394.
Package hyperref Info: PDF/A mode OFF on input line 6399.
LaTeX Info: Redefining \ref on input line 6439.
LaTeX Info: Redefining \pageref on input line 6443.
\Hy@abspage=\count108
\c@Item=\count109
\c@Hfootnote=\count110
)
Package hyperref Info: Driver (autodetected): hpdftex.

(/usr/share/texmf-dist/tex/latex/hyperref/hpdftex.def
File: hpdftex.def 2018/02/06 v6.86b Hyperref driver for pdfTeX
\Fld@listcount=\count111
\c@bookmark@seq@number=\count112

(/usr/share/texmf-dist/tex/latex/oberdiek/rerunfilecheck.sty
Package: rerunfilecheck 2016/05/16 v1.8 Rerun checks for auxiliary files (HO)
Package uniquecounter Info: New unique counter `rerunfilecheck' on input line 2
82.
)
\Hy@SectionHShift=\skip55
)
(/usr/share/texmf-dist/tex/latex/xcolor/xcolor.sty
Package: xcolor 2016/05/11 v2.12 LaTeX color extensions (UK)

(/usr/share/texmf-dist/tex/latex/graphics-cfg/color.cfg
File: color.cfg 2016/01/02 v1.6 sample color configuration
)
Package xcolor Info: Driver file: pdftex.def on input line 225.
Package xcolor Info: Model `cmy' substituted by `cmy0' on input line 1348.
Package xcolor Info: Model `hsb' substituted by `rgb' on input line 1352.
Package xcolor Info: Model `RGB' extended on input line 1364.
Package xcolor Info: Model `HTML' substituted by `rgb' on input line 1366.
Package xcolor Info: Model `Hsb' substituted by `hsb' on input line 1367.
Package xcolor Info: Model `tHsb' substituted by `hsb' on input line 1368.
Package xcolor Info: Model `HSB' substituted by `hsb' on input line 1369.
Package xcolor Info: Model `Gray' substituted by `gray' on input line 1370.
Package xcolor Info: Model `wave' substituted by `hsb' on input line 1371.
)
(/usr/share/texmf-dist/tex/latex/wrapfig/wrapfig.sty
\wrapoverhang=\dimen126
\WF@size=\dimen127
\c@WF@wrappedlines=\count113
\WF@box=\box30
\WF@everypar=\toks23
Package: wrapfig 2003/01/31  v 3.6
) (./Game_Writeup.aux)
\openout1 = `Game_Writeup.aux'.

LaTeX Font Info:    Checking defaults for OML/cmm/m/it on input line 17.
LaTeX Font Info:    ... okay on input line 17.
LaTeX Font Info:    Checking defaults for T1/cmr/m/n on input line 17.
LaTeX Font Info:    ... okay on input line 17.
LaTeX Font Info:    Checking defaults for OT1/cmr/m/n on input line 17.
LaTeX Font Info:    ... okay on input line 17.
LaTeX Font Info:    Checking defaults for OMS/cmsy/m/n on input line 17.
LaTeX Font Info:    ... okay on input line 17.
LaTeX Font Info:    Checking defaults for OMX/cmex/m/n on input line 17.
LaTeX Font Info:    ... okay on input line 17.
LaTeX Font Info:    Checking defaults for U/cmr/m/n on input line 17.
LaTeX Font Info:    ... okay on input line 17.
LaTeX Font Info:    Checking defaults for PD1/pdf/m/n on input line 17.
LaTeX Font Info:    ... okay on input line 17.

*geometry* driver: auto-detecting
*geometry* detected driver: pdftex
*geometry* verbose mode - [ preamble ] result:
* driver: pdftex
* paper: a4paper
* layout: <same size as paper>
* layoutoffset:(h,v)=(0.0pt,0.0pt)
* modes: 
* h-part:(L,W,R)=(89.62709pt, 418.25368pt, 89.6271pt)
* v-part:(T,H,B)=(101.40665pt, 707.5052pt, 36.135pt)
* \paperwidth=597.50787pt
* \paperheight=845.04684pt
* \textwidth=418.25368pt
* \textheight=707.5052pt
* \oddsidemargin=17.3571pt
* \evensidemargin=17.3571pt
* \topmargin=-36.135pt
* \headheight=12.0pt
* \headsep=25.0pt
* \topskip=10.0pt
* \footskip=30.0pt
* \marginparwidth=57.0pt
* \marginparsep=11.0pt
* \columnsep=10.0pt
* \skip\footins=9.0pt plus 4.0pt minus 2.0pt
* \hoffset=0.0pt
* \voffset=0.0pt
* \mag=1000
* \@twocolumnfalse
* \@twosidefalse
* \@mparswitchfalse
* \@reversemarginfalse
* (1in=72.27pt=25.4mm, 1cm=28.453pt)

(/usr/share/texmf-dist/tex/context/base/mkii/supp-pdf.mkii
[Loading MPS to PDF converter (version 2006.09.02).]
\scratchcounter=\count114
\scratchdimen=\dimen128
\scratchbox=\box31
\nofMPsegments=\count115
\nofMParguments=\count116
\everyMPshowfont=\toks24
\MPscratchCnt=\count117
\MPscratchDim=\dimen129
\MPnumerator=\count118
\makeMPintoPDFobject=\count119
\everyMPtoPDFconversion=\toks25
) (/usr/share/texmf-dist/tex/latex/oberdiek/epstopdf-base.sty
Package: epstopdf-base 2016/05/15 v2.6 Base part for package epstopdf

(/usr/share/texmf-dist/tex/latex/oberdiek/grfext.sty
Package: grfext 2016/05/16 v1.2 Manage graphics extensions (HO)
)
Package epstopdf-base Info: Redefining graphics rule for `.eps' on input line 4
38.
Package grfext Info: Graphics extension search list:
(grfext)             [.pdf,.png,.jpg,.mps,.jpeg,.jbig2,.jb2,.PDF,.PNG,.JPG,.JPE
G,.JBIG2,.JB2,.eps]
(grfext)             \AppendGraphicsExtensions on input line 456.

(/usr/share/texmf-dist/tex/latex/latexconfig/epstopdf-sys.cfg
File: epstopdf-sys.cfg 2010/07/13 v1.3 Configuration of (r)epstopdf for TeX Liv
e
))
\AtBeginShipoutBox=\box32
Package hyperref Info: Link coloring OFF on input line 17.

(/usr/share/texmf-dist/tex/latex/hyperref/nameref.sty
Package: nameref 2016/05/21 v2.44 Cross-referencing by name of section

(/usr/share/texmf-dist/tex/generic/oberdiek/gettitlestring.sty
Package: gettitlestring 2016/05/16 v1.5 Cleanup title references (HO)
)
\c@section@level=\count120
)
LaTeX Info: Redefining \ref on input line 17.
LaTeX Info: Redefining \pageref on input line 17.
LaTeX Info: Redefining \nameref on input line 17.

(./Game_Writeup.out) (./Game_Writeup.out)
\@outlinefile=\write3
\openout3 = `Game_Writeup.out'.


Underfull \hbox (badness 10000) in paragraph at lines 37--38

 []

LaTeX Font Info:    Try loading font information for OMS+cmr on input line 39.
(/usr/share/texmf-dist/tex/latex/base/omscmr.fd
File: omscmr.fd 2014/09/29 v2.5h Standard LaTeX font definitions
)
LaTeX Font Info:    Font shape `OMS/cmr/m/n' in size <10> not available
(Font)              Font shape `OMS/cmsy/m/n' tried instead on input line 39.
LaTeX Font Info:    Try loading font information for U+msa on input line 40.

(/usr/share/texmf-dist/tex/latex/amsfonts/umsa.fd
File: umsa.fd 2013/01/14 v3.01 AMS symbols A
)
LaTeX Font Info:    Try loading font information for U+msb on input line 40.

(/usr/share/texmf-dist/tex/latex/amsfonts/umsb.fd
File: umsb.fd 2013/01/14 v3.01 AMS symbols B
)
<muscles.png, id=61, 273.59357pt x 204.33482pt>
File: muscles.png Graphic file (type png)
<use muscles.png>
Package pdftex.def Info: muscles.png  used on input line 49.
(pdftex.def)             Requested size: 273.59288pt x 204.3343pt.
<ConditionedData.png, id=63, 1358.07375pt x 771.88374pt>
File: ConditionedData.png Graphic file (type png)
<use ConditionedData.png>
Package pdftex.def Info: ConditionedData.png  used on input line 54.
(pdftex.def)             Requested size: 418.25368pt x 237.71501pt.
 [1{/var/lib/texmf/fonts/map/pdftex/updmap/pdftex.map}

] [2 <./muscles.png> <./ConditionedData.png>]
<fig3.png, id=93, 1308.89pt x 816.04875pt>
File: fig3.png Graphic file (type png)
<use fig3.png>
Package pdftex.def Info: fig3.png  used on input line 61.
(pdftex.def)             Requested size: 418.25368pt x 260.76738pt.
<fig4.png, id=94, 1241.63875pt x 700.6175pt>
File: fig4.png Graphic file (type png)
<use fig4.png>
Package pdftex.def Info: fig4.png  used on input line 75.
(pdftex.def)             Requested size: 418.25368pt x 236.00455pt.
 [3 <./fig3.png>]
<image.png, id=103, 835.12pt x 515.9275pt>
File: image.png Graphic file (type png)
<use image.png>
Package pdftex.def Info: image.png  used on input line 87.
(pdftex.def)             Requested size: 418.25368pt x 258.39609pt.
 [4 <./fig4.png>]
<commandline.png, id=110, 1106.1325pt x 192.72pt>
File: commandline.png Graphic file (type png)
<use commandline.png>
Package pdftex.def Info: commandline.png  used on input line 91.
(pdftex.def)             Requested size: 418.25368pt x 72.8697pt.
LaTeX Font Info:    Font shape `OT1/cmtt/bx/n' in size <10> not available
(Font)              Font shape `OT1/cmtt/m/n' tried instead on input line 93.
LaTeX Font Info:    Try loading font information for OMS+cmtt on input line 94.

LaTeX Font Info:    No file OMScmtt.fd. on input line 94.


LaTeX Font Warning: Font shape `OMS/cmtt/m/n' undefined
(Font)              using `OMS/cmsy/m/n' instead
(Font)              for symbol `textbackslash' on input line 94.

<pip.png, id=112, 1107.13625pt x 270.00874pt>
File: pip.png Graphic file (type png)
<use pip.png>
Package pdftex.def Info: pip.png  used on input line 99.
(pdftex.def)             Requested size: 418.25368pt x 102.00285pt.

Overfull \hbox (27.99243pt too wide) in paragraph at lines 108--108
[]\OT1/cmtt/m/n/10 pip 9.0.1 from c:\users\rnel\appdata\local\programs\python\p
ython36\lib\site-packages[] 
 []

[5 <./image.png> <./commandline.png> <./pip.png>]
Underfull \hbox (badness 10000) in paragraph at lines 125--126

 []

<tetris_game.PNG, id=121, 1101.25714pt x 603.54054pt>
File: tetris_game.PNG Graphic file (type png)
<use tetris_game.PNG>
Package pdftex.def Info: tetris_game.PNG  used on input line 140.
(pdftex.def)             Requested size: 418.25368pt x 229.21886pt.
[6]
Missing character: There is no â in font cmti10!
Missing character: There is no € in font cmti10!
Missing character: There is no “ in font cmti10!
Missing character: There is no â in font cmti10!
Missing character: There is no € in font cmti10!
Missing character: There is no “ in font cmti10!
 [7 <./tetris_game.PNG>]
<eog.png, id=142, 153.14357pt x 129.05357pt>
File: eog.png Graphic file (type png)
<use eog.png>
Package pdftex.def Info: eog.png  used on input line 184.
(pdftex.def)             Requested size: 125.47737pt x 105.73991pt.

Underfull \hbox (badness 10000) in paragraph at lines 182--185

 []

[8]
Underfull \hbox (badness 10000) in paragraph at lines 185--187

 []

Package atveryend Info: Empty hook `BeforeClearDocument' on input line 213.
[9 <./eog.png>]
Package atveryend Info: Empty hook `AfterLastShipout' on input line 213.
 (./Game_Writeup.aux)
Package atveryend Info: Executing hook `AtVeryEndDocument' on input line 213.
Package atveryend Info: Executing hook `AtEndAfterFileList' on input line 213.
Package rerunfilecheck Info: File `Game_Writeup.out' has not changed.
(rerunfilecheck)             Checksum: 154125CD43239F30014B4331679F4693;972.


LaTeX Font Warning: Some font shapes were not available, defaults substituted.

Package atveryend Info: Empty hook `AtVeryVeryEnd' on input line 213.
 ) 
Here is how much of TeX's memory you used:
 7162 strings out of 492982
 100093 string characters out of 6138579
 201346 words of memory out of 5000000
 10582 multiletter control sequences out of 15000+600000
 7707 words of font info for 31 fonts, out of 8000000 for 9000
 1141 hyphenation exceptions out of 8191
 28i,12n,43p,1334b,451s stack positions out of 5000i,500n,10000p,200000b,80000s
</usr/share/texmf-dist/fonts/type1/public/amsfonts/cm/cmbx10.pfb></usr/share/
texmf-dist/fonts/type1/public/amsfonts/cm/cmbx12.pfb></usr/share/texmf-dist/fon
ts/type1/public/amsfonts/cm/cmmi10.pfb></usr/share/texmf-dist/fonts/type1/publi
c/amsfonts/cm/cmmi7.pfb></usr/share/texmf-dist/fonts/type1/public/amsfonts/cm/c
mr10.pfb></usr/share/texmf-dist/fonts/type1/public/amsfonts/cm/cmr7.pfb></usr/s
hare/texmf-dist/fonts/type1/public/amsfonts/cm/cmsy10.pfb></usr/share/texmf-dis
t/fonts/type1/public/amsfonts/cm/cmti10.pfb></usr/share/texmf-dist/fonts/type1/
public/amsfonts/cm/cmtt10.pfb>
Output written on Game_Writeup.pdf (9 pages, 846446 bytes).
PDF statistics:
 213 PDF objects out of 1000 (max. 8388607)
 176 compressed objects within 2 object streams
 63 named destinations out of 1000 (max. 500000)
 158 words of extra memory for PDF output out of 10000 (max. 10000000)

